[2017-04-24 15:40:26] myapp.INFO: Matched route "install". {"route_parameters":{"_controller":"\\Eccube\\Controller\\Install\\InstallController::index","_route":"install"},"request_uri":"http://amazone-lammn90.c9users.io/html/install.php/"} []
[2017-04-24 15:40:26] myapp.INFO: > GET /html/install.php [] []
[2017-04-24 15:40:26] myapp.INFO: < 302 /html/install.php/step1 [] []
[2017-04-24 15:40:27] myapp.INFO: Matched route "install_step1". {"route_parameters":{"_controller":"\\Eccube\\Controller\\Install\\InstallController::step1","_route":"install_step1"},"request_uri":"http://amazone-lammn90.c9users.io/html/install.php/step1"} []
[2017-04-24 15:40:27] myapp.INFO: > GET /html/install.php/step1 [] []
[2017-04-24 15:40:28] myapp.INFO: < 200 [] []
[2017-04-24 15:40:31] myapp.INFO: Matched route "install_step1". {"route_parameters":{"_controller":"\\Eccube\\Controller\\Install\\InstallController::step1","_route":"install_step1"},"request_uri":"http://amazone-lammn90.c9users.io/html/install.php/step1"} []
[2017-04-24 15:40:31] myapp.INFO: > POST /html/install.php/step1 [] []
[2017-04-24 15:40:31] myapp.INFO: < 302 /html/install.php/step2 [] []
[2017-04-24 15:40:31] myapp.INFO: Matched route "install_step2". {"route_parameters":{"_controller":"\\Eccube\\Controller\\Install\\InstallController::step2","_route":"install_step2"},"request_uri":"http://amazone-lammn90.c9users.io/html/install.php/step2"} []
[2017-04-24 15:40:31] myapp.INFO: > GET /html/install.php/step2 [] []
[2017-04-24 15:40:31] myapp.INFO: < 200 [] []
[2017-04-24 15:40:33] myapp.INFO: Matched route "install_step3". {"route_parameters":{"_controller":"\\Eccube\\Controller\\Install\\InstallController::step3","_route":"install_step3"},"request_uri":"http://amazone-lammn90.c9users.io/html/install.php/step3"} []
[2017-04-24 15:40:33] myapp.INFO: > GET /html/install.php/step3 [] []
[2017-04-24 15:40:34] myapp.INFO: < 200 [] []
[2017-04-24 15:40:47] myapp.INFO: Matched route "install_step3". {"route_parameters":{"_controller":"\\Eccube\\Controller\\Install\\InstallController::step3","_route":"install_step3"},"request_uri":"http://amazone-lammn90.c9users.io/html/install.php/step3"} []
[2017-04-24 15:40:47] myapp.INFO: > POST /html/install.php/step3 [] []
[2017-04-24 15:40:47] myapp.INFO: < 302 /html/install.php/step4 [] []
[2017-04-24 15:40:48] myapp.INFO: Matched route "install_step4". {"route_parameters":{"_controller":"\\Eccube\\Controller\\Install\\InstallController::step4","_route":"install_step4"},"request_uri":"http://amazone-lammn90.c9users.io/html/install.php/step4"} []
[2017-04-24 15:40:48] myapp.INFO: > GET /html/install.php/step4 [] []
[2017-04-24 15:40:48] myapp.INFO: < 200 [] []
[2017-04-24 15:41:20] myapp.INFO: Matched route "migration". {"route_parameters":{"_controller":"\\Eccube\\Controller\\Install\\InstallController::migration","_route":"migration"},"request_uri":"http://amazone-lammn90.c9users.io/html/install.php/migration"} []
[2017-04-24 15:41:20] myapp.INFO: > GET /html/install.php/migration [] []
[2017-04-24 15:41:20] myapp.INFO: < 200 [] []
[2017-04-24 15:41:22] myapp.INFO: Matched route "migration_plugin". {"route_parameters":{"_controller":"\\Eccube\\Controller\\Install\\InstallController::migration_plugin","_route":"migration_plugin"},"request_uri":"http://amazone-lammn90.c9users.io/html/install.php/migration_plugin"} []
[2017-04-24 15:41:22] myapp.INFO: > GET /html/install.php/migration_plugin [] []
[2017-04-24 15:41:22] myapp.INFO: < 302 /html/install.php/migration_end [] []
[2017-04-24 15:41:22] myapp.INFO: Matched route "migration_end". {"route_parameters":{"_controller":"\\Eccube\\Controller\\Install\\InstallController::migration_end","_route":"migration_end"},"request_uri":"http://amazone-lammn90.c9users.io/html/install.php/migration_end"} []
[2017-04-24 15:41:22] myapp.INFO: > GET /html/install.php/migration_end [] []
[2017-04-24 15:41:24] myapp.INFO: < 200 [] []
[2017-04-24 15:42:46] myapp.INFO: Matched route "install". {"route_parameters":{"_controller":"\\Eccube\\Controller\\Install\\InstallController::index","_route":"install"},"request_uri":"http://amazone-lammn90.c9users.io/html/install.php/"} []
[2017-04-24 15:42:46] myapp.INFO: > GET /html/install.php [] []
[2017-04-24 15:42:46] myapp.INFO: < 302 /html/install.php/step1 [] []
[2017-04-24 15:42:47] myapp.INFO: Matched route "install_step1". {"route_parameters":{"_controller":"\\Eccube\\Controller\\Install\\InstallController::step1","_route":"install_step1"},"request_uri":"http://amazone-lammn90.c9users.io/html/install.php/step1"} []
[2017-04-24 15:42:47] myapp.INFO: > GET /html/install.php/step1 [] []
[2017-04-24 15:42:47] myapp.INFO: < 200 [] []
[2017-04-24 15:42:48] myapp.INFO: Matched route "install_step1". {"route_parameters":{"_controller":"\\Eccube\\Controller\\Install\\InstallController::step1","_route":"install_step1"},"request_uri":"http://amazone-lammn90.c9users.io/html/install.php/step1"} []
[2017-04-24 15:42:48] myapp.INFO: > POST /html/install.php/step1 [] []
[2017-04-24 15:42:49] myapp.INFO: < 302 /html/install.php/step2 [] []
[2017-04-24 15:42:49] myapp.INFO: Matched route "install_step2". {"route_parameters":{"_controller":"\\Eccube\\Controller\\Install\\InstallController::step2","_route":"install_step2"},"request_uri":"http://amazone-lammn90.c9users.io/html/install.php/step2"} []
[2017-04-24 15:42:49] myapp.INFO: > GET /html/install.php/step2 [] []
[2017-04-24 15:42:49] myapp.INFO: < 200 [] []
[2017-04-24 15:42:51] myapp.INFO: Matched route "install_step3". {"route_parameters":{"_controller":"\\Eccube\\Controller\\Install\\InstallController::step3","_route":"install_step3"},"request_uri":"http://amazone-lammn90.c9users.io/html/install.php/step3"} []
[2017-04-24 15:42:51] myapp.INFO: > GET /html/install.php/step3 [] []
[2017-04-24 15:42:52] myapp.INFO: < 200 [] []
[2017-04-24 15:50:59] myapp.INFO: Matched route "migration". {"route_parameters":{"_controller":"\\Eccube\\Controller\\Install\\InstallController::migration","_route":"migration"},"request_uri":"http://amazone-lammn90.c9users.io/html/install.php/migration"} []
[2017-04-24 15:50:59] myapp.INFO: > GET /html/install.php/migration [] []
[2017-04-24 15:50:59] myapp.INFO: < 200 [] []
[2017-04-24 15:51:01] myapp.INFO: Matched route "migration_plugin". {"route_parameters":{"_controller":"\\Eccube\\Controller\\Install\\InstallController::migration_plugin","_route":"migration_plugin"},"request_uri":"http://amazone-lammn90.c9users.io/html/install.php/migration_plugin"} []
[2017-04-24 15:51:01] myapp.INFO: > GET /html/install.php/migration_plugin [] []
[2017-04-24 15:51:01] myapp.INFO: < 302 /html/install.php/migration_end [] []
[2017-04-24 15:51:01] myapp.INFO: Matched route "migration_end". {"route_parameters":{"_controller":"\\Eccube\\Controller\\Install\\InstallController::migration_end","_route":"migration_end"},"request_uri":"http://amazone-lammn90.c9users.io/html/install.php/migration_end"} []
[2017-04-24 15:51:01] myapp.INFO: > GET /html/install.php/migration_end [] []
[2017-04-24 15:52:02] myapp.INFO: Matched route "migration_plugin". {"route_parameters":{"_controller":"\\Eccube\\Controller\\Install\\InstallController::migration_plugin","_route":"migration_plugin"},"request_uri":"http://amazone-lammn90.c9users.io/html/install.php/migration_plugin"} []
[2017-04-24 15:52:02] myapp.INFO: > GET /html/install.php/migration_plugin [] []
[2017-04-24 15:52:02] myapp.INFO: < 302 /html/install.php/migration_end [] []
[2017-04-24 15:52:02] myapp.INFO: Matched route "migration_end". {"route_parameters":{"_controller":"\\Eccube\\Controller\\Install\\InstallController::migration_end","_route":"migration_end"},"request_uri":"http://amazone-lammn90.c9users.io/html/install.php/migration_end"} []
[2017-04-24 15:52:02] myapp.INFO: > GET /html/install.php/migration_end [] []
[2017-04-24 15:52:03] myapp.INFO: < 200 [] []
